{"C:\\Users\\Shady\\Desktop\\New folder\\to_do_list\\src\\data.js": {"path":"C:\\Users\\Shady\\Desktop\\New folder\\to_do_list\\src\\data.js","statementMap":{"0":{"start":{"line":3,"column":4},"end":{"line":3,"column":45}},"1":{"start":{"line":7,"column":4},"end":{"line":7,"column":65}},"2":{"start":{"line":11,"column":37},"end":{"line":11,"column":41}},"3":{"start":{"line":12,"column":4},"end":{"line":12,"column":49}},"4":{"start":{"line":14,"column":4},"end":{"line":14,"column":68}},"5":{"start":{"line":18,"column":4},"end":{"line":18,"column":62}}},"fnMap":{"0":{"name":"(anonymous_0)","decl":{"start":{"line":2,"column":2},"end":{"line":2,"column":3}},"loc":{"start":{"line":2,"column":47},"end":{"line":4,"column":3}},"line":2},"1":{"name":"(anonymous_1)","decl":{"start":{"line":6,"column":2},"end":{"line":6,"column":3}},"loc":{"start":{"line":6,"column":24},"end":{"line":8,"column":3}},"line":6},"2":{"name":"(anonymous_2)","decl":{"start":{"line":10,"column":2},"end":{"line":10,"column":3}},"loc":{"start":{"line":10,"column":35},"end":{"line":15,"column":3}},"line":10},"3":{"name":"(anonymous_3)","decl":{"start":{"line":17,"column":2},"end":{"line":17,"column":3}},"loc":{"start":{"line":17,"column":25},"end":{"line":19,"column":3}},"line":17}},"branchMap":{"0":{"loc":{"start":{"line":7,"column":11},"end":{"line":7,"column":64}},"type":"binary-expr","locations":[{"start":{"line":7,"column":11},"end":{"line":7,"column":58}},{"start":{"line":7,"column":62},"end":{"line":7,"column":64}}],"line":7}},"s":{"0":1,"1":0,"2":0,"3":0,"4":0,"5":0},"f":{"0":1,"1":0,"2":0,"3":0},"b":{"0":[0,0]},"_coverageSchema":"1a1c01bbd47fc00a2c39e90264f33305004495a9","hash":"457f4ab320ccb136a15d77909f2686733ea5c958"}
,"C:\\Users\\Shady\\Desktop\\New folder\\to_do_list\\src\\handlers.js": {"path":"C:\\Users\\Shady\\Desktop\\New folder\\to_do_list\\src\\handlers.js","statementMap":{"0":{"start":{"line":5,"column":4},"end":{"line":11,"column":5}},"1":{"start":{"line":6,"column":29},"end":{"line":6,"column":33}},"2":{"start":{"line":7,"column":21},"end":{"line":7,"column":37}},"3":{"start":{"line":8,"column":20},"end":{"line":8,"column":55}},"4":{"start":{"line":10,"column":6},"end":{"line":10,"column":32}},"5":{"start":{"line":15,"column":44},"end":{"line":15,"column":48}},"6":{"start":{"line":16,"column":25},"end":{"line":16,"column":71}},"7":{"start":{"line":18,"column":24},"end":{"line":18,"column":61}},"8":{"start":{"line":19,"column":4},"end":{"line":19,"column":39}},"9":{"start":{"line":19,"column":32},"end":{"line":19,"column":39}},"10":{"start":{"line":20,"column":20},"end":{"line":20,"column":64}},"11":{"start":{"line":22,"column":24},"end":{"line":22,"column":46}},"12":{"start":{"line":24,"column":27},"end":{"line":24,"column":35}},"13":{"start":{"line":25,"column":4},"end":{"line":25,"column":24}},"14":{"start":{"line":27,"column":4},"end":{"line":27,"column":27}},"15":{"start":{"line":31,"column":4},"end":{"line":46,"column":5}},"16":{"start":{"line":32,"column":20},"end":{"line":32,"column":55}},"17":{"start":{"line":34,"column":38},"end":{"line":34,"column":42}},"18":{"start":{"line":36,"column":6},"end":{"line":36,"column":32}},"19":{"start":{"line":37,"column":6},"end":{"line":37,"column":65}},"20":{"start":{"line":37,"column":42},"end":{"line":37,"column":61}},"21":{"start":{"line":39,"column":6},"end":{"line":39,"column":26}},"22":{"start":{"line":41,"column":28},"end":{"line":41,"column":67}},"23":{"start":{"line":42,"column":6},"end":{"line":42,"column":53}},"24":{"start":{"line":42,"column":38},"end":{"line":42,"column":51}},"25":{"start":{"line":44,"column":29},"end":{"line":44,"column":37}},"26":{"start":{"line":45,"column":6},"end":{"line":45,"column":27}},"27":{"start":{"line":50,"column":21},"end":{"line":65,"column":5}},"28":{"start":{"line":67,"column":21},"end":{"line":67,"column":57}},"29":{"start":{"line":68,"column":4},"end":{"line":68,"column":57}},"30":{"start":{"line":72,"column":21},"end":{"line":72,"column":57}},"31":{"start":{"line":73,"column":4},"end":{"line":73,"column":59}},"32":{"start":{"line":73,"column":36},"end":{"line":73,"column":55}},"33":{"start":{"line":74,"column":22},"end":{"line":92,"column":10}},"34":{"start":{"line":74,"column":48},"end":{"line":92,"column":9}},"35":{"start":{"line":94,"column":4},"end":{"line":94,"column":67}},"36":{"start":{"line":98,"column":36},"end":{"line":98,"column":40}},"37":{"start":{"line":99,"column":34},"end":{"line":99,"column":84}},"38":{"start":{"line":99,"column":60},"end":{"line":99,"column":83}},"39":{"start":{"line":101,"column":4},"end":{"line":101,"column":76}},"40":{"start":{"line":101,"column":53},"end":{"line":101,"column":72}},"41":{"start":{"line":103,"column":4},"end":{"line":103,"column":37}},"42":{"start":{"line":105,"column":26},"end":{"line":105,"column":65}},"43":{"start":{"line":106,"column":4},"end":{"line":106,"column":51}},"44":{"start":{"line":106,"column":36},"end":{"line":106,"column":49}},"45":{"start":{"line":108,"column":27},"end":{"line":108,"column":35}},"46":{"start":{"line":109,"column":4},"end":{"line":109,"column":38}},"47":{"start":{"line":113,"column":4},"end":{"line":122,"column":5}},"48":{"start":{"line":114,"column":26},"end":{"line":114,"column":46}},"49":{"start":{"line":115,"column":6},"end":{"line":121,"column":10}},"50":{"start":{"line":124,"column":4},"end":{"line":127,"column":5}},"51":{"start":{"line":125,"column":6},"end":{"line":126,"column":65}},"52":{"start":{"line":129,"column":4},"end":{"line":143,"column":5}},"53":{"start":{"line":130,"column":24},"end":{"line":132,"column":35}},"54":{"start":{"line":134,"column":38},"end":{"line":134,"column":42}},"55":{"start":{"line":135,"column":26},"end":{"line":135,"column":71}},"56":{"start":{"line":137,"column":6},"end":{"line":142,"column":7}},"57":{"start":{"line":138,"column":8},"end":{"line":138,"column":60}},"58":{"start":{"line":140,"column":8},"end":{"line":140,"column":28}},"59":{"start":{"line":141,"column":8},"end":{"line":141,"column":77}}},"fnMap":{"0":{"name":"(anonymous_0)","decl":{"start":{"line":4,"column":2},"end":{"line":4,"column":3}},"loc":{"start":{"line":4,"column":33},"end":{"line":12,"column":3}},"line":4},"1":{"name":"(anonymous_1)","decl":{"start":{"line":14,"column":2},"end":{"line":14,"column":3}},"loc":{"start":{"line":14,"column":37},"end":{"line":28,"column":3}},"line":14},"2":{"name":"(anonymous_2)","decl":{"start":{"line":30,"column":2},"end":{"line":30,"column":3}},"loc":{"start":{"line":30,"column":23},"end":{"line":47,"column":3}},"line":30},"3":{"name":"(anonymous_3)","decl":{"start":{"line":37,"column":23},"end":{"line":37,"column":24}},"loc":{"start":{"line":37,"column":40},"end":{"line":37,"column":63}},"line":37},"4":{"name":"(anonymous_4)","decl":{"start":{"line":42,"column":28},"end":{"line":42,"column":29}},"loc":{"start":{"line":42,"column":38},"end":{"line":42,"column":51}},"line":42},"5":{"name":"(anonymous_5)","decl":{"start":{"line":49,"column":2},"end":{"line":49,"column":3}},"loc":{"start":{"line":49,"column":26},"end":{"line":69,"column":3}},"line":49},"6":{"name":"(anonymous_6)","decl":{"start":{"line":71,"column":2},"end":{"line":71,"column":3}},"loc":{"start":{"line":71,"column":26},"end":{"line":95,"column":3}},"line":71},"7":{"name":"(anonymous_7)","decl":{"start":{"line":73,"column":17},"end":{"line":73,"column":18}},"loc":{"start":{"line":73,"column":34},"end":{"line":73,"column":57}},"line":73},"8":{"name":"(anonymous_8)","decl":{"start":{"line":74,"column":31},"end":{"line":74,"column":32}},"loc":{"start":{"line":74,"column":48},"end":{"line":92,"column":9}},"line":74},"9":{"name":"(anonymous_9)","decl":{"start":{"line":97,"column":2},"end":{"line":97,"column":3}},"loc":{"start":{"line":97,"column":26},"end":{"line":110,"column":3}},"line":97},"10":{"name":"(anonymous_10)","decl":{"start":{"line":99,"column":50},"end":{"line":99,"column":51}},"loc":{"start":{"line":99,"column":60},"end":{"line":99,"column":83}},"line":99},"11":{"name":"(anonymous_11)","decl":{"start":{"line":101,"column":34},"end":{"line":101,"column":35}},"loc":{"start":{"line":101,"column":51},"end":{"line":101,"column":74}},"line":101},"12":{"name":"(anonymous_12)","decl":{"start":{"line":106,"column":26},"end":{"line":106,"column":27}},"loc":{"start":{"line":106,"column":36},"end":{"line":106,"column":49}},"line":106},"13":{"name":"(anonymous_13)","decl":{"start":{"line":112,"column":2},"end":{"line":112,"column":3}},"loc":{"start":{"line":112,"column":25},"end":{"line":144,"column":3}},"line":112}},"branchMap":{"0":{"loc":{"start":{"line":5,"column":4},"end":{"line":11,"column":5}},"type":"if","locations":[{"start":{"line":5,"column":4},"end":{"line":11,"column":5}},{"start":{},"end":{}}],"line":5},"1":{"loc":{"start":{"line":19,"column":4},"end":{"line":19,"column":39}},"type":"if","locations":[{"start":{"line":19,"column":4},"end":{"line":19,"column":39}},{"start":{},"end":{}}],"line":19},"2":{"loc":{"start":{"line":31,"column":4},"end":{"line":46,"column":5}},"type":"if","locations":[{"start":{"line":31,"column":4},"end":{"line":46,"column":5}},{"start":{},"end":{}}],"line":31},"3":{"loc":{"start":{"line":81,"column":49},"end":{"line":81,"column":80}},"type":"cond-expr","locations":[{"start":{"line":81,"column":66},"end":{"line":81,"column":75}},{"start":{"line":81,"column":78},"end":{"line":81,"column":80}}],"line":81},"4":{"loc":{"start":{"line":113,"column":4},"end":{"line":122,"column":5}},"type":"if","locations":[{"start":{"line":113,"column":4},"end":{"line":122,"column":5}},{"start":{},"end":{}}],"line":113},"5":{"loc":{"start":{"line":124,"column":4},"end":{"line":127,"column":5}},"type":"if","locations":[{"start":{"line":124,"column":4},"end":{"line":127,"column":5}},{"start":{},"end":{}}],"line":124},"6":{"loc":{"start":{"line":129,"column":4},"end":{"line":143,"column":5}},"type":"if","locations":[{"start":{"line":129,"column":4},"end":{"line":143,"column":5}},{"start":{},"end":{}}],"line":129},"7":{"loc":{"start":{"line":137,"column":6},"end":{"line":142,"column":7}},"type":"if","locations":[{"start":{"line":137,"column":6},"end":{"line":142,"column":7}},{"start":{},"end":{}}],"line":137}},"s":{"0":0,"1":0,"2":0,"3":0,"4":0,"5":0,"6":0,"7":0,"8":0,"9":0,"10":0,"11":0,"12":0,"13":0,"14":0,"15":0,"16":0,"17":0,"18":0,"19":0,"20":0,"21":0,"22":0,"23":0,"24":0,"25":0,"26":0,"27":0,"28":0,"29":0,"30":0,"31":0,"32":0,"33":0,"34":0,"35":0,"36":0,"37":0,"38":0,"39":0,"40":0,"41":0,"42":0,"43":0,"44":0,"45":0,"46":0,"47":0,"48":0,"49":0,"50":0,"51":0,"52":0,"53":0,"54":0,"55":0,"56":0,"57":0,"58":0,"59":0},"f":{"0":0,"1":0,"2":0,"3":0,"4":0,"5":0,"6":0,"7":0,"8":0,"9":0,"10":0,"11":0,"12":0,"13":0},"b":{"0":[0,0],"1":[0,0],"2":[0,0],"3":[0,0],"4":[0,0],"5":[0,0],"6":[0,0],"7":[0,0]},"_coverageSchema":"1a1c01bbd47fc00a2c39e90264f33305004495a9","hash":"ccc5616a1c67c93ea64c7d55244a5d60d139fbda"}
}
